This file contains any messages produced by compilers while
running configure, to aid debugging if configure makes a mistake.

It was created by ceptcl configure 0.4, which was
generated by GNU Autoconf 2.60.  Invocation command line was

  $ ../configure --with-tcl=/home/stu/tcl/q/z/usr/local/lib --with-tclinclude=/home/stu/tcl/q/z/usr/local/include --with-tcllibs=/home/stu/tcl/q/z/usr/local/lib --enable-symbols

## --------- ##
## Platform. ##
## --------- ##

hostname = eve.fivetones.net
uname -m = i386
uname -r = 4.1
uname -s = OpenBSD
uname -v = GENERIC#0

/usr/bin/uname -p = Intel(R) Pentium(R) III Mobile CPU 1200MHz ("GenuineIntel" 686-class)
/bin/uname -X     = unknown

/bin/arch              = unknown
/usr/bin/arch -k       = OpenBSD.i386
/usr/convex/getsysinfo = unknown
/usr/bin/hostinfo      = unknown
/bin/machine           = unknown
/usr/bin/oslevel       = unknown
/bin/universe          = unknown

PATH: /home/stu/bin
PATH: /home/stu/tclbin
PATH: /bin
PATH: /sbin
PATH: /usr/bin
PATH: /usr/sbin
PATH: /usr/X11R6/bin
PATH: /usr/local/bin
PATH: /usr/local/sbin
PATH: /usr/X11R6/bin


## ----------- ##
## Core tests. ##
## ----------- ##

configure:1751: checking for correct TEA configuration
configure:1770: result: ok (TEA 3.5)
configure:1904: checking for Tcl configuration
configure:2020: result: found /home/stu/tcl/q/z/usr/local/lib/tclConfig.sh
configure:2026: checking for existence of /home/stu/tcl/q/z/usr/local/lib/tclConfig.sh
configure:2030: result: loading
configure:2116: --prefix defaulting to TCL_PREFIX /usr/local
configure:2128: --exec-prefix defaulting to TCL_EXEC_PREFIX /usr/local
configure:2204: checking for gcc
configure:2220: found /usr/bin/gcc
configure:2231: result: gcc
configure:2469: checking for C compiler version
configure:2476: gcc --version >&5
gcc (GCC) 3.3.5 (propolice)
Copyright (C) 2003 Free Software Foundation, Inc.
This is free software; see the source for copying conditions.  There is NO
warranty; not even for MERCHANTABILITY or FITNESS FOR A PARTICULAR PURPOSE.

configure:2479: $? = 0
configure:2486: gcc -v >&5
Reading specs from /usr/lib/gcc-lib/i386-unknown-openbsd4.1/3.3.5/specs
Configured with: 
Thread model: single
gcc version 3.3.5 (propolice)
configure:2489: $? = 0
configure:2496: gcc -V >&5
gcc: `-V' option must have argument
configure:2499: $? = 1
configure:2522: checking for C compiler default output file name
configure:2549: gcc    conftest.c  >&5
configure:2552: $? = 0
configure:2598: result: a.out
configure:2603: checking whether the C compiler works
configure:2613: ./a.out
configure:2616: $? = 0
configure:2633: result: yes
configure:2640: checking whether we are cross compiling
configure:2642: result: no
configure:2645: checking for suffix of executables
configure:2652: gcc -o conftest    conftest.c  >&5
configure:2655: $? = 0
configure:2679: result: 
configure:2685: checking for suffix of object files
configure:2711: gcc -c   conftest.c >&5
configure:2714: $? = 0
configure:2737: result: o
configure:2741: checking whether we are using the GNU C compiler
configure:2770: gcc -c   conftest.c >&5
configure:2776: $? = 0
configure:2783: test -z "$ac_c_werror_flag" || test ! -s conftest.err
configure:2786: $? = 0
configure:2793: test -s conftest.o
configure:2796: $? = 0
configure:2810: result: yes
configure:2815: checking whether gcc accepts -g
configure:2845: gcc -c -g  conftest.c >&5
configure:2851: $? = 0
configure:2858: test -z "$ac_c_werror_flag" || test ! -s conftest.err
configure:2861: $? = 0
configure:2868: test -s conftest.o
configure:2871: $? = 0
configure:3001: result: yes
configure:3018: checking for gcc option to accept ISO C89
configure:3092: gcc  -c   conftest.c >&5
configure:3098: $? = 0
configure:3105: test -z "$ac_c_werror_flag" || test ! -s conftest.err
configure:3108: $? = 0
configure:3115: test -s conftest.o
configure:3118: $? = 0
configure:3138: result: none needed
configure:3161: checking how to run the C preprocessor
configure:3201: gcc -E  conftest.c
configure:3207: $? = 0
configure:3245: gcc -E  conftest.c
conftest.c:8:28: ac_nonexistent.h: No such file or directory
configure:3251: $? = 1
configure: failed program was:
| /* confdefs.h.  */
| #define PACKAGE_NAME "ceptcl"
| #define PACKAGE_TARNAME "ceptcl"
| #define PACKAGE_VERSION "0.4"
| #define PACKAGE_STRING "ceptcl 0.4"
| #define PACKAGE_BUGREPORT ""
| /* end confdefs.h.  */
| #include <ac_nonexistent.h>
configure:3291: result: gcc -E
configure:3320: gcc -E  conftest.c
configure:3326: $? = 0
configure:3364: gcc -E  conftest.c
conftest.c:8:28: ac_nonexistent.h: No such file or directory
configure:3370: $? = 1
configure: failed program was:
| /* confdefs.h.  */
| #define PACKAGE_NAME "ceptcl"
| #define PACKAGE_TARNAME "ceptcl"
| #define PACKAGE_VERSION "0.4"
| #define PACKAGE_STRING "ceptcl 0.4"
| #define PACKAGE_BUGREPORT ""
| /* end confdefs.h.  */
| #include <ac_nonexistent.h>
configure:3428: checking for a BSD-compatible install
configure:3484: result: /usr/bin/install -c
configure:3500: checking whether make sets $(MAKE)
configure:3521: result: yes
configure:3578: checking for ranlib
configure:3594: found /usr/bin/ranlib
configure:3605: result: ranlib
configure:3641: checking for grep that handles long lines and -e
configure:3715: result: /usr/bin/grep
configure:3720: checking for egrep
configure:3798: result: /usr/bin/grep -E
configure:3803: checking for ANSI C header files
configure:3833: gcc -c   conftest.c >&5
configure:3839: $? = 0
configure:3846: test -z "$ac_c_werror_flag" || test ! -s conftest.err
configure:3849: $? = 0
configure:3856: test -s conftest.o
configure:3859: $? = 0
configure:3955: gcc -o conftest    conftest.c  >&5
configure:3958: $? = 0
configure:3964: ./conftest
configure:3967: $? = 0
configure:3984: result: yes
configure:4008: checking for sys/types.h
configure:4029: gcc -c   conftest.c >&5
configure:4035: $? = 0
configure:4042: test -z "$ac_c_werror_flag" || test ! -s conftest.err
configure:4045: $? = 0
configure:4052: test -s conftest.o
configure:4055: $? = 0
configure:4068: result: yes
configure:4008: checking for sys/stat.h
configure:4029: gcc -c   conftest.c >&5
configure:4035: $? = 0
configure:4042: test -z "$ac_c_werror_flag" || test ! -s conftest.err
configure:4045: $? = 0
configure:4052: test -s conftest.o
configure:4055: $? = 0
configure:4068: result: yes
configure:4008: checking for stdlib.h
configure:4029: gcc -c   conftest.c >&5
configure:4035: $? = 0
configure:4042: test -z "$ac_c_werror_flag" || test ! -s conftest.err
configure:4045: $? = 0
configure:4052: test -s conftest.o
configure:4055: $? = 0
configure:4068: result: yes
configure:4008: checking for string.h
configure:4029: gcc -c   conftest.c >&5
configure:4035: $? = 0
configure:4042: test -z "$ac_c_werror_flag" || test ! -s conftest.err
configure:4045: $? = 0
configure:4052: test -s conftest.o
configure:4055: $? = 0
configure:4068: result: yes
configure:4008: checking for memory.h
configure:4029: gcc -c   conftest.c >&5
configure:4035: $? = 0
configure:4042: test -z "$ac_c_werror_flag" || test ! -s conftest.err
configure:4045: $? = 0
configure:4052: test -s conftest.o
configure:4055: $? = 0
configure:4068: result: yes
configure:4008: checking for strings.h
configure:4029: gcc -c   conftest.c >&5
configure:4035: $? = 0
configure:4042: test -z "$ac_c_werror_flag" || test ! -s conftest.err
configure:4045: $? = 0
configure:4052: test -s conftest.o
configure:4055: $? = 0
configure:4068: result: yes
configure:4008: checking for inttypes.h
configure:4029: gcc -c   conftest.c >&5
configure:4035: $? = 0
configure:4042: test -z "$ac_c_werror_flag" || test ! -s conftest.err
configure:4045: $? = 0
configure:4052: test -s conftest.o
configure:4055: $? = 0
configure:4068: result: yes
configure:4008: checking for stdint.h
configure:4029: gcc -c   conftest.c >&5
configure:4035: $? = 0
configure:4042: test -z "$ac_c_werror_flag" || test ! -s conftest.err
configure:4045: $? = 0
configure:4052: test -s conftest.o
configure:4055: $? = 0
configure:4068: result: yes
configure:4008: checking for unistd.h
configure:4029: gcc -c   conftest.c >&5
configure:4035: $? = 0
configure:4042: test -z "$ac_c_werror_flag" || test ! -s conftest.err
configure:4045: $? = 0
configure:4052: test -s conftest.o
configure:4055: $? = 0
configure:4068: result: yes
configure:4090: checking if the compiler understands -pipe
configure:4115: gcc -pipe -c   conftest.c >&5
configure:4121: $? = 0
configure:4128: test -z "$ac_c_werror_flag" || test ! -s conftest.err
configure:4131: $? = 0
configure:4138: test -s conftest.o
configure:4141: $? = 0
configure:4143: result: yes
configure:4161: checking whether byte ordering is bigendian
configure:4193: gcc -pipe -c   conftest.c >&5
configure:4199: $? = 0
configure:4206: test -z "$ac_c_werror_flag" || test ! -s conftest.err
configure:4209: $? = 0
configure:4216: test -s conftest.o
configure:4219: $? = 0
configure:4248: gcc -pipe -c   conftest.c >&5
conftest.c: In function `main':
conftest.c:25: error: syntax error before "big"
configure:4254: $? = 1
configure: failed program was:
| /* confdefs.h.  */
| #define PACKAGE_NAME "ceptcl"
| #define PACKAGE_TARNAME "ceptcl"
| #define PACKAGE_VERSION "0.4"
| #define PACKAGE_STRING "ceptcl 0.4"
| #define PACKAGE_BUGREPORT ""
| #define STDC_HEADERS 1
| #define HAVE_SYS_TYPES_H 1
| #define HAVE_SYS_STAT_H 1
| #define HAVE_STDLIB_H 1
| #define HAVE_STRING_H 1
| #define HAVE_MEMORY_H 1
| #define HAVE_STRINGS_H 1
| #define HAVE_INTTYPES_H 1
| #define HAVE_STDINT_H 1
| #define HAVE_UNISTD_H 1
| /* end confdefs.h.  */
| #include <sys/types.h>
| #include <sys/param.h>
| 
| int
| main ()
| {
| #if BYTE_ORDER != BIG_ENDIAN
|  not big endian
| #endif
| 
|   ;
|   return 0;
| }
configure:4428: result: no
configure:4456: checking for sin
configure:4512: gcc -pipe -o conftest    conftest.c  >&5
conftest.c:41: warning: conflicting types for built-in function `sin'
/tmp//cct16302.o(.text+0x19): In function `main':
: undefined reference to `sin'
collect2: ld returned 1 exit status
configure:4518: $? = 1
configure: failed program was:
| /* confdefs.h.  */
| #define PACKAGE_NAME "ceptcl"
| #define PACKAGE_TARNAME "ceptcl"
| #define PACKAGE_VERSION "0.4"
| #define PACKAGE_STRING "ceptcl 0.4"
| #define PACKAGE_BUGREPORT ""
| #define STDC_HEADERS 1
| #define HAVE_SYS_TYPES_H 1
| #define HAVE_SYS_STAT_H 1
| #define HAVE_STDLIB_H 1
| #define HAVE_STRING_H 1
| #define HAVE_MEMORY_H 1
| #define HAVE_STRINGS_H 1
| #define HAVE_INTTYPES_H 1
| #define HAVE_STDINT_H 1
| #define HAVE_UNISTD_H 1
| /* end confdefs.h.  */
| /* Define sin to an innocuous variant, in case <limits.h> declares sin.
|    For example, HP-UX 11i <limits.h> declares gettimeofday.  */
| #define sin innocuous_sin
| 
| /* System header to define __stub macros and hopefully few prototypes,
|     which can conflict with char sin (); below.
|     Prefer <limits.h> to <assert.h> if __STDC__ is defined, since
|     <limits.h> exists even on freestanding compilers.  */
| 
| #ifdef __STDC__
| # include <limits.h>
| #else
| # include <assert.h>
| #endif
| 
| #undef sin
| 
| /* Override any GCC internal prototype to avoid an error.
|    Use char because int might match the return type of a GCC
|    builtin and then its argument prototype would still apply.  */
| #ifdef __cplusplus
| extern "C"
| #endif
| char sin ();
| /* The GNU C library defines this for functions which it implements
|     to always fail with ENOSYS.  Some functions are actually named
|     something starting with __ and the normal name is an alias.  */
| #if defined __stub_sin || defined __stub___sin
| choke me
| #endif
| 
| int
| main ()
| {
| return sin ();
|   ;
|   return 0;
| }
configure:4551: result: no
configure:4559: checking for main in -lieee
configure:4588: gcc -pipe -o conftest    conftest.c -lieee   >&5
/usr/bin/ld: cannot find -lieee
collect2: ld returned 1 exit status
configure:4594: $? = 1
configure: failed program was:
| /* confdefs.h.  */
| #define PACKAGE_NAME "ceptcl"
| #define PACKAGE_TARNAME "ceptcl"
| #define PACKAGE_VERSION "0.4"
| #define PACKAGE_STRING "ceptcl 0.4"
| #define PACKAGE_BUGREPORT ""
| #define STDC_HEADERS 1
| #define HAVE_SYS_TYPES_H 1
| #define HAVE_SYS_STAT_H 1
| #define HAVE_STDLIB_H 1
| #define HAVE_STRING_H 1
| #define HAVE_MEMORY_H 1
| #define HAVE_STRINGS_H 1
| #define HAVE_INTTYPES_H 1
| #define HAVE_STDINT_H 1
| #define HAVE_UNISTD_H 1
| /* end confdefs.h.  */
| 
| 
| int
| main ()
| {
| return main ();
|   ;
|   return 0;
| }
configure:4628: result: no
configure:4640: checking for main in -linet
configure:4669: gcc -pipe -o conftest    conftest.c -linet   >&5
/usr/bin/ld: cannot find -linet
collect2: ld returned 1 exit status
configure:4675: $? = 1
configure: failed program was:
| /* confdefs.h.  */
| #define PACKAGE_NAME "ceptcl"
| #define PACKAGE_TARNAME "ceptcl"
| #define PACKAGE_VERSION "0.4"
| #define PACKAGE_STRING "ceptcl 0.4"
| #define PACKAGE_BUGREPORT ""
| #define STDC_HEADERS 1
| #define HAVE_SYS_TYPES_H 1
| #define HAVE_SYS_STAT_H 1
| #define HAVE_STDLIB_H 1
| #define HAVE_STRING_H 1
| #define HAVE_MEMORY_H 1
| #define HAVE_STRINGS_H 1
| #define HAVE_INTTYPES_H 1
| #define HAVE_STDINT_H 1
| #define HAVE_UNISTD_H 1
| /* end confdefs.h.  */
| 
| 
| int
| main ()
| {
| return main ();
|   ;
|   return 0;
| }
configure:4709: result: no
configure:4725: checking net/errno.h usability
configure:4742: gcc -pipe -c   conftest.c >&5
conftest.c:51:23: net/errno.h: No such file or directory
configure:4748: $? = 1
configure: failed program was:
| /* confdefs.h.  */
| #define PACKAGE_NAME "ceptcl"
| #define PACKAGE_TARNAME "ceptcl"
| #define PACKAGE_VERSION "0.4"
| #define PACKAGE_STRING "ceptcl 0.4"
| #define PACKAGE_BUGREPORT ""
| #define STDC_HEADERS 1
| #define HAVE_SYS_TYPES_H 1
| #define HAVE_SYS_STAT_H 1
| #define HAVE_STDLIB_H 1
| #define HAVE_STRING_H 1
| #define HAVE_MEMORY_H 1
| #define HAVE_STRINGS_H 1
| #define HAVE_INTTYPES_H 1
| #define HAVE_STDINT_H 1
| #define HAVE_UNISTD_H 1
| /* end confdefs.h.  */
| #include <stdio.h>
| #if HAVE_SYS_TYPES_H
| # include <sys/types.h>
| #endif
| #if HAVE_SYS_STAT_H
| # include <sys/stat.h>
| #endif
| #if STDC_HEADERS
| # include <stdlib.h>
| # include <stddef.h>
| #else
| # if HAVE_STDLIB_H
| #  include <stdlib.h>
| # endif
| #endif
| #if HAVE_STRING_H
| # if !STDC_HEADERS && HAVE_MEMORY_H
| #  include <memory.h>
| # endif
| # include <string.h>
| #endif
| #if HAVE_STRINGS_H
| # include <strings.h>
| #endif
| #if HAVE_INTTYPES_H
| # include <inttypes.h>
| #endif
| #if HAVE_STDINT_H
| # include <stdint.h>
| #endif
| #if HAVE_UNISTD_H
| # include <unistd.h>
| #endif
| #include <net/errno.h>
configure:4779: result: no
configure:4783: checking net/errno.h presence
configure:4798: gcc -E  conftest.c
conftest.c:18:23: net/errno.h: No such file or directory
configure:4804: $? = 1
configure: failed program was:
| /* confdefs.h.  */
| #define PACKAGE_NAME "ceptcl"
| #define PACKAGE_TARNAME "ceptcl"
| #define PACKAGE_VERSION "0.4"
| #define PACKAGE_STRING "ceptcl 0.4"
| #define PACKAGE_BUGREPORT ""
| #define STDC_HEADERS 1
| #define HAVE_SYS_TYPES_H 1
| #define HAVE_SYS_STAT_H 1
| #define HAVE_STDLIB_H 1
| #define HAVE_STRING_H 1
| #define HAVE_MEMORY_H 1
| #define HAVE_STRINGS_H 1
| #define HAVE_INTTYPES_H 1
| #define HAVE_STDINT_H 1
| #define HAVE_UNISTD_H 1
| /* end confdefs.h.  */
| #include <net/errno.h>
configure:4825: result: no
configure:4853: checking for net/errno.h
configure:4860: result: no
configure:4894: checking for connect
configure:4950: gcc -pipe -o conftest    conftest.c  >&5
configure:4956: $? = 0
configure:4963: test -z "$ac_c_werror_flag" || test ! -s conftest.err
configure:4966: $? = 0
configure:4973: test -s conftest
configure:4976: $? = 0
configure:4989: result: yes
configure:5291: checking for gethostbyname
configure:5347: gcc -pipe -o conftest    conftest.c  >&5
configure:5353: $? = 0
configure:5360: test -z "$ac_c_werror_flag" || test ! -s conftest.err
configure:5363: $? = 0
configure:5370: test -s conftest
configure:5373: $? = 0
configure:5386: result: yes
configure:5483: checking dirent.h
configure:5529: gcc -pipe -o conftest    conftest.c  >&5
configure:5535: $? = 0
configure:5542: test -z "$ac_c_werror_flag" || test ! -s conftest.err
configure:5545: $? = 0
configure:5552: test -s conftest
configure:5555: $? = 0
configure:5568: result: yes
configure:5589: checking errno.h usability
configure:5606: gcc -pipe -c   conftest.c >&5
configure:5612: $? = 0
configure:5619: test -z "$ac_c_werror_flag" || test ! -s conftest.err
configure:5622: $? = 0
configure:5629: test -s conftest.o
configure:5632: $? = 0
configure:5643: result: yes
configure:5647: checking errno.h presence
configure:5662: gcc -E  conftest.c
configure:5668: $? = 0
configure:5689: result: yes
configure:5717: checking for errno.h
configure:5724: result: yes
configure:5749: checking float.h usability
configure:5766: gcc -pipe -c   conftest.c >&5
configure:5772: $? = 0
configure:5779: test -z "$ac_c_werror_flag" || test ! -s conftest.err
configure:5782: $? = 0
configure:5789: test -s conftest.o
configure:5792: $? = 0
configure:5803: result: yes
configure:5807: checking float.h presence
configure:5822: gcc -E  conftest.c
configure:5828: $? = 0
configure:5849: result: yes
configure:5877: checking for float.h
configure:5884: result: yes
configure:5909: checking values.h usability
configure:5926: gcc -pipe -c   conftest.c >&5
conftest.c:51:20: values.h: No such file or directory
configure:5932: $? = 1
configure: failed program was:
| /* confdefs.h.  */
| #define PACKAGE_NAME "ceptcl"
| #define PACKAGE_TARNAME "ceptcl"
| #define PACKAGE_VERSION "0.4"
| #define PACKAGE_STRING "ceptcl 0.4"
| #define PACKAGE_BUGREPORT ""
| #define STDC_HEADERS 1
| #define HAVE_SYS_TYPES_H 1
| #define HAVE_SYS_STAT_H 1
| #define HAVE_STDLIB_H 1
| #define HAVE_STRING_H 1
| #define HAVE_MEMORY_H 1
| #define HAVE_STRINGS_H 1
| #define HAVE_INTTYPES_H 1
| #define HAVE_STDINT_H 1
| #define HAVE_UNISTD_H 1
| /* end confdefs.h.  */
| #include <stdio.h>
| #if HAVE_SYS_TYPES_H
| # include <sys/types.h>
| #endif
| #if HAVE_SYS_STAT_H
| # include <sys/stat.h>
| #endif
| #if STDC_HEADERS
| # include <stdlib.h>
| # include <stddef.h>
| #else
| # if HAVE_STDLIB_H
| #  include <stdlib.h>
| # endif
| #endif
| #if HAVE_STRING_H
| # if !STDC_HEADERS && HAVE_MEMORY_H
| #  include <memory.h>
| # endif
| # include <string.h>
| #endif
| #if HAVE_STRINGS_H
| # include <strings.h>
| #endif
| #if HAVE_INTTYPES_H
| # include <inttypes.h>
| #endif
| #if HAVE_STDINT_H
| # include <stdint.h>
| #endif
| #if HAVE_UNISTD_H
| # include <unistd.h>
| #endif
| #include <values.h>
configure:5963: result: no
configure:5967: checking values.h presence
configure:5982: gcc -E  conftest.c
conftest.c:18:20: values.h: No such file or directory
configure:5988: $? = 1
configure: failed program was:
| /* confdefs.h.  */
| #define PACKAGE_NAME "ceptcl"
| #define PACKAGE_TARNAME "ceptcl"
| #define PACKAGE_VERSION "0.4"
| #define PACKAGE_STRING "ceptcl 0.4"
| #define PACKAGE_BUGREPORT ""
| #define STDC_HEADERS 1
| #define HAVE_SYS_TYPES_H 1
| #define HAVE_SYS_STAT_H 1
| #define HAVE_STDLIB_H 1
| #define HAVE_STRING_H 1
| #define HAVE_MEMORY_H 1
| #define HAVE_STRINGS_H 1
| #define HAVE_INTTYPES_H 1
| #define HAVE_STDINT_H 1
| #define HAVE_UNISTD_H 1
| /* end confdefs.h.  */
| #include <values.h>
configure:6009: result: no
configure:6037: checking for values.h
configure:6044: result: no
configure:6069: checking limits.h usability
configure:6086: gcc -pipe -c   conftest.c >&5
configure:6092: $? = 0
configure:6099: test -z "$ac_c_werror_flag" || test ! -s conftest.err
configure:6102: $? = 0
configure:6109: test -s conftest.o
configure:6112: $? = 0
configure:6123: result: yes
configure:6127: checking limits.h presence
configure:6142: gcc -E  conftest.c
configure:6148: $? = 0
configure:6169: result: yes
configure:6197: checking for limits.h
configure:6204: result: yes
configure:6224: checking for stdlib.h
configure:6229: result: yes
configure:6438: checking for string.h
configure:6443: result: yes
configure:6649: checking sys/wait.h usability
configure:6666: gcc -pipe -c   conftest.c >&5
configure:6672: $? = 0
configure:6679: test -z "$ac_c_werror_flag" || test ! -s conftest.err
configure:6682: $? = 0
configure:6689: test -s conftest.o
configure:6692: $? = 0
configure:6703: result: yes
configure:6707: checking sys/wait.h presence
configure:6722: gcc -E  conftest.c
configure:6728: $? = 0
configure:6749: result: yes
configure:6777: checking for sys/wait.h
configure:6784: result: yes
configure:6809: checking dlfcn.h usability
configure:6826: gcc -pipe -c   conftest.c >&5
configure:6832: $? = 0
configure:6839: test -z "$ac_c_werror_flag" || test ! -s conftest.err
configure:6842: $? = 0
configure:6849: test -s conftest.o
configure:6852: $? = 0
configure:6863: result: yes
configure:6867: checking dlfcn.h presence
configure:6882: gcc -E  conftest.c
configure:6888: $? = 0
configure:6909: result: yes
configure:6937: checking for dlfcn.h
configure:6944: result: yes
configure:6976: checking sys/param.h usability
configure:6993: gcc -pipe -c   conftest.c >&5
configure:6999: $? = 0
configure:7006: test -z "$ac_c_werror_flag" || test ! -s conftest.err
configure:7009: $? = 0
configure:7016: test -s conftest.o
configure:7019: $? = 0
configure:7030: result: yes
configure:7034: checking sys/param.h presence
configure:7049: gcc -E  conftest.c
configure:7055: $? = 0
configure:7076: result: yes
configure:7104: checking for sys/param.h
configure:7112: result: yes
configure:7285: checking for getpeereid
configure:7341: gcc -pipe -o conftest    conftest.c  >&5
configure:7347: $? = 0
configure:7354: test -z "$ac_c_werror_flag" || test ! -s conftest.err
configure:7357: $? = 0
configure:7364: test -s conftest
configure:7367: $? = 0
configure:7381: result: yes
configure:7407: checking for Tcl public headers
configure:7481: result: /home/stu/tcl/q/z/usr/local/include
configure:7512: checking how to build libraries
configure:7530: result: shared
configure:7557: checking if 64bit support is requested
configure:7566: result: no
configure:7571: checking if 64bit Sparc VIS support is requested
configure:7580: result: no
configure:7608: checking system version
configure:7638: result: OpenBSD-4.1
configure:7646: checking for dlopen in -ldl
configure:7681: gcc -pipe -o conftest    conftest.c -ldl   >&5
/usr/bin/ld: cannot find -ldl
collect2: ld returned 1 exit status
configure:7687: $? = 1
configure: failed program was:
| /* confdefs.h.  */
| #define PACKAGE_NAME "ceptcl"
| #define PACKAGE_TARNAME "ceptcl"
| #define PACKAGE_VERSION "0.4"
| #define PACKAGE_STRING "ceptcl 0.4"
| #define PACKAGE_BUGREPORT ""
| #define STDC_HEADERS 1
| #define HAVE_SYS_TYPES_H 1
| #define HAVE_SYS_STAT_H 1
| #define HAVE_STDLIB_H 1
| #define HAVE_STRING_H 1
| #define HAVE_MEMORY_H 1
| #define HAVE_STRINGS_H 1
| #define HAVE_INTTYPES_H 1
| #define HAVE_STDINT_H 1
| #define HAVE_UNISTD_H 1
| #define NO_VALUES_H 1
| #define HAVE_LIMITS_H 1
| #define HAVE_SYS_PARAM_H 1
| #define HAVE_GETPEEREID 1
| /* end confdefs.h.  */
| 
| /* Override any GCC internal prototype to avoid an error.
|    Use char because int might match the return type of a GCC
|    builtin and then its argument prototype would still apply.  */
| #ifdef __cplusplus
| extern "C"
| #endif
| char dlopen ();
| int
| main ()
| {
| return dlopen ();
|   ;
|   return 0;
| }
configure:7721: result: no
configure:7762: checking for ar
configure:7778: found /usr/bin/ar
configure:7789: result: ar
configure:8901: checking for ELF
configure:8928: result: yes
configure:9738: checking for required early compiler flags
configure:9766: gcc -pipe -c   conftest.c >&5
configure:9772: $? = 0
configure:9779: test -z "$ac_c_werror_flag" || test ! -s conftest.err
configure:9782: $? = 0
configure:9789: test -s conftest.o
configure:9792: $? = 0
configure:9897: gcc -pipe -c   conftest.c >&5
conftest.c: In function `main':
conftest.c:26: error: storage size of `buf' isn't known
configure:9903: $? = 1
configure: failed program was:
| /* confdefs.h.  */
| #define PACKAGE_NAME "ceptcl"
| #define PACKAGE_TARNAME "ceptcl"
| #define PACKAGE_VERSION "0.4"
| #define PACKAGE_STRING "ceptcl 0.4"
| #define PACKAGE_BUGREPORT ""
| #define STDC_HEADERS 1
| #define HAVE_SYS_TYPES_H 1
| #define HAVE_SYS_STAT_H 1
| #define HAVE_STDLIB_H 1
| #define HAVE_STRING_H 1
| #define HAVE_MEMORY_H 1
| #define HAVE_STRINGS_H 1
| #define HAVE_INTTYPES_H 1
| #define HAVE_STDINT_H 1
| #define HAVE_UNISTD_H 1
| #define NO_VALUES_H 1
| #define HAVE_LIMITS_H 1
| #define HAVE_SYS_PARAM_H 1
| #define HAVE_GETPEEREID 1
| /* end confdefs.h.  */
| #include <sys/stat.h>
| int
| main ()
| {
| struct stat64 buf; int i = stat64("/", &buf);
|   ;
|   return 0;
| }
configure:9952: gcc -pipe -c   conftest.c >&5
conftest.c: In function `main':
conftest.c:27: error: storage size of `buf' isn't known
configure:9958: $? = 1
configure: failed program was:
| /* confdefs.h.  */
| #define PACKAGE_NAME "ceptcl"
| #define PACKAGE_TARNAME "ceptcl"
| #define PACKAGE_VERSION "0.4"
| #define PACKAGE_STRING "ceptcl 0.4"
| #define PACKAGE_BUGREPORT ""
| #define STDC_HEADERS 1
| #define HAVE_SYS_TYPES_H 1
| #define HAVE_SYS_STAT_H 1
| #define HAVE_STDLIB_H 1
| #define HAVE_STRING_H 1
| #define HAVE_MEMORY_H 1
| #define HAVE_STRINGS_H 1
| #define HAVE_INTTYPES_H 1
| #define HAVE_STDINT_H 1
| #define HAVE_UNISTD_H 1
| #define NO_VALUES_H 1
| #define HAVE_LIMITS_H 1
| #define HAVE_SYS_PARAM_H 1
| #define HAVE_GETPEEREID 1
| /* end confdefs.h.  */
| #define _LARGEFILE64_SOURCE 1
| #include <sys/stat.h>
| int
| main ()
| {
| struct stat64 buf; int i = stat64("/", &buf);
|   ;
|   return 0;
| }
configure:10028: gcc -pipe -c   conftest.c >&5
conftest.c: In function `main':
conftest.c:26: error: `open64' undeclared (first use in this function)
conftest.c:26: error: (Each undeclared identifier is reported only once
conftest.c:26: error: for each function it appears in.)
configure:10034: $? = 1
configure: failed program was:
| /* confdefs.h.  */
| #define PACKAGE_NAME "ceptcl"
| #define PACKAGE_TARNAME "ceptcl"
| #define PACKAGE_VERSION "0.4"
| #define PACKAGE_STRING "ceptcl 0.4"
| #define PACKAGE_BUGREPORT ""
| #define STDC_HEADERS 1
| #define HAVE_SYS_TYPES_H 1
| #define HAVE_SYS_STAT_H 1
| #define HAVE_STDLIB_H 1
| #define HAVE_STRING_H 1
| #define HAVE_MEMORY_H 1
| #define HAVE_STRINGS_H 1
| #define HAVE_INTTYPES_H 1
| #define HAVE_STDINT_H 1
| #define HAVE_UNISTD_H 1
| #define NO_VALUES_H 1
| #define HAVE_LIMITS_H 1
| #define HAVE_SYS_PARAM_H 1
| #define HAVE_GETPEEREID 1
| /* end confdefs.h.  */
| #include <sys/stat.h>
| int
| main ()
| {
| char *p = (char *)open64;
|   ;
|   return 0;
| }
configure:10083: gcc -pipe -c   conftest.c >&5
conftest.c: In function `main':
conftest.c:27: error: `open64' undeclared (first use in this function)
conftest.c:27: error: (Each undeclared identifier is reported only once
conftest.c:27: error: for each function it appears in.)
configure:10089: $? = 1
configure: failed program was:
| /* confdefs.h.  */
| #define PACKAGE_NAME "ceptcl"
| #define PACKAGE_TARNAME "ceptcl"
| #define PACKAGE_VERSION "0.4"
| #define PACKAGE_STRING "ceptcl 0.4"
| #define PACKAGE_BUGREPORT ""
| #define STDC_HEADERS 1
| #define HAVE_SYS_TYPES_H 1
| #define HAVE_SYS_STAT_H 1
| #define HAVE_STDLIB_H 1
| #define HAVE_STRING_H 1
| #define HAVE_MEMORY_H 1
| #define HAVE_STRINGS_H 1
| #define HAVE_INTTYPES_H 1
| #define HAVE_STDINT_H 1
| #define HAVE_UNISTD_H 1
| #define NO_VALUES_H 1
| #define HAVE_LIMITS_H 1
| #define HAVE_SYS_PARAM_H 1
| #define HAVE_GETPEEREID 1
| /* end confdefs.h.  */
| #define _LARGEFILE_SOURCE64 1
| #include <sys/stat.h>
| int
| main ()
| {
| char *p = (char *)open64;
|   ;
|   return 0;
| }
configure:10135: result: none
configure:10143: checking for 64-bit integer type
configure:10172: gcc -pipe -c   conftest.c >&5
conftest.c: In function `main':
conftest.c:26: error: syntax error before "value"
configure:10178: $? = 1
configure: failed program was:
| /* confdefs.h.  */
| #define PACKAGE_NAME "ceptcl"
| #define PACKAGE_TARNAME "ceptcl"
| #define PACKAGE_VERSION "0.4"
| #define PACKAGE_STRING "ceptcl 0.4"
| #define PACKAGE_BUGREPORT ""
| #define STDC_HEADERS 1
| #define HAVE_SYS_TYPES_H 1
| #define HAVE_SYS_STAT_H 1
| #define HAVE_STDLIB_H 1
| #define HAVE_STRING_H 1
| #define HAVE_MEMORY_H 1
| #define HAVE_STRINGS_H 1
| #define HAVE_INTTYPES_H 1
| #define HAVE_STDINT_H 1
| #define HAVE_UNISTD_H 1
| #define NO_VALUES_H 1
| #define HAVE_LIMITS_H 1
| #define HAVE_SYS_PARAM_H 1
| #define HAVE_GETPEEREID 1
| /* end confdefs.h.  */
| 
| int
| main ()
| {
| __int64 value = (__int64) 0;
|   ;
|   return 0;
| }
configure:10235: gcc -pipe -c   conftest.c >&5
configure:10241: $? = 0
configure:10248: test -z "$ac_c_werror_flag" || test ! -s conftest.err
configure:10251: $? = 0
configure:10258: test -s conftest.o
configure:10261: $? = 0
configure:10294: result: long long
configure:10298: checking for struct dirent64
configure:10326: gcc -pipe -c   conftest.c >&5
conftest.c: In function `main':
conftest.c:28: error: storage size of `p' isn't known
configure:10332: $? = 1
configure: failed program was:
| /* confdefs.h.  */
| #define PACKAGE_NAME "ceptcl"
| #define PACKAGE_TARNAME "ceptcl"
| #define PACKAGE_VERSION "0.4"
| #define PACKAGE_STRING "ceptcl 0.4"
| #define PACKAGE_BUGREPORT ""
| #define STDC_HEADERS 1
| #define HAVE_SYS_TYPES_H 1
| #define HAVE_SYS_STAT_H 1
| #define HAVE_STDLIB_H 1
| #define HAVE_STRING_H 1
| #define HAVE_MEMORY_H 1
| #define HAVE_STRINGS_H 1
| #define HAVE_INTTYPES_H 1
| #define HAVE_STDINT_H 1
| #define HAVE_UNISTD_H 1
| #define NO_VALUES_H 1
| #define HAVE_LIMITS_H 1
| #define HAVE_SYS_PARAM_H 1
| #define HAVE_GETPEEREID 1
| #define TCL_WIDE_INT_TYPE long long
| /* end confdefs.h.  */
| #include <sys/types.h>
| #include <sys/dirent.h>
| int
| main ()
| {
| struct dirent64 p;
|   ;
|   return 0;
| }
configure:10364: result: no
configure:10374: checking for struct stat64
configure:10402: gcc -pipe -c   conftest.c >&5
conftest.c: In function `main':
conftest.c:27: error: storage size of `p' isn't known
configure:10408: $? = 1
configure: failed program was:
| /* confdefs.h.  */
| #define PACKAGE_NAME "ceptcl"
| #define PACKAGE_TARNAME "ceptcl"
| #define PACKAGE_VERSION "0.4"
| #define PACKAGE_STRING "ceptcl 0.4"
| #define PACKAGE_BUGREPORT ""
| #define STDC_HEADERS 1
| #define HAVE_SYS_TYPES_H 1
| #define HAVE_SYS_STAT_H 1
| #define HAVE_STDLIB_H 1
| #define HAVE_STRING_H 1
| #define HAVE_MEMORY_H 1
| #define HAVE_STRINGS_H 1
| #define HAVE_INTTYPES_H 1
| #define HAVE_STDINT_H 1
| #define HAVE_UNISTD_H 1
| #define NO_VALUES_H 1
| #define HAVE_LIMITS_H 1
| #define HAVE_SYS_PARAM_H 1
| #define HAVE_GETPEEREID 1
| #define TCL_WIDE_INT_TYPE long long
| /* end confdefs.h.  */
| #include <sys/stat.h>
| int
| main ()
| {
| struct stat64 p;
| 
|   ;
|   return 0;
| }
configure:10440: result: no
configure:10455: checking for open64
configure:10511: gcc -pipe -o conftest   -Wl,-export-dynamic  conftest.c  >&5
/tmp//ccy15317.o(.text+0x19): In function `main':
: undefined reference to `open64'
collect2: ld returned 1 exit status
configure:10517: $? = 1
configure: failed program was:
| /* confdefs.h.  */
| #define PACKAGE_NAME "ceptcl"
| #define PACKAGE_TARNAME "ceptcl"
| #define PACKAGE_VERSION "0.4"
| #define PACKAGE_STRING "ceptcl 0.4"
| #define PACKAGE_BUGREPORT ""
| #define STDC_HEADERS 1
| #define HAVE_SYS_TYPES_H 1
| #define HAVE_SYS_STAT_H 1
| #define HAVE_STDLIB_H 1
| #define HAVE_STRING_H 1
| #define HAVE_MEMORY_H 1
| #define HAVE_STRINGS_H 1
| #define HAVE_INTTYPES_H 1
| #define HAVE_STDINT_H 1
| #define HAVE_UNISTD_H 1
| #define NO_VALUES_H 1
| #define HAVE_LIMITS_H 1
| #define HAVE_SYS_PARAM_H 1
| #define HAVE_GETPEEREID 1
| #define TCL_WIDE_INT_TYPE long long
| /* end confdefs.h.  */
| /* Define open64 to an innocuous variant, in case <limits.h> declares open64.
|    For example, HP-UX 11i <limits.h> declares gettimeofday.  */
| #define open64 innocuous_open64
| 
| /* System header to define __stub macros and hopefully few prototypes,
|     which can conflict with char open64 (); below.
|     Prefer <limits.h> to <assert.h> if __STDC__ is defined, since
|     <limits.h> exists even on freestanding compilers.  */
| 
| #ifdef __STDC__
| # include <limits.h>
| #else
| # include <assert.h>
| #endif
| 
| #undef open64
| 
| /* Override any GCC internal prototype to avoid an error.
|    Use char because int might match the return type of a GCC
|    builtin and then its argument prototype would still apply.  */
| #ifdef __cplusplus
| extern "C"
| #endif
| char open64 ();
| /* The GNU C library defines this for functions which it implements
|     to always fail with ENOSYS.  Some functions are actually named
|     something starting with __ and the normal name is an alias.  */
| #if defined __stub_open64 || defined __stub___open64
| choke me
| #endif
| 
| int
| main ()
| {
| return open64 ();
|   ;
|   return 0;
| }
configure:10551: result: no
configure:10455: checking for lseek64
configure:10511: gcc -pipe -o conftest   -Wl,-export-dynamic  conftest.c  >&5
/tmp//ccl15377.o(.text+0x19): In function `main':
: undefined reference to `lseek64'
collect2: ld returned 1 exit status
configure:10517: $? = 1
configure: failed program was:
| /* confdefs.h.  */
| #define PACKAGE_NAME "ceptcl"
| #define PACKAGE_TARNAME "ceptcl"
| #define PACKAGE_VERSION "0.4"
| #define PACKAGE_STRING "ceptcl 0.4"
| #define PACKAGE_BUGREPORT ""
| #define STDC_HEADERS 1
| #define HAVE_SYS_TYPES_H 1
| #define HAVE_SYS_STAT_H 1
| #define HAVE_STDLIB_H 1
| #define HAVE_STRING_H 1
| #define HAVE_MEMORY_H 1
| #define HAVE_STRINGS_H 1
| #define HAVE_INTTYPES_H 1
| #define HAVE_STDINT_H 1
| #define HAVE_UNISTD_H 1
| #define NO_VALUES_H 1
| #define HAVE_LIMITS_H 1
| #define HAVE_SYS_PARAM_H 1
| #define HAVE_GETPEEREID 1
| #define TCL_WIDE_INT_TYPE long long
| /* end confdefs.h.  */
| /* Define lseek64 to an innocuous variant, in case <limits.h> declares lseek64.
|    For example, HP-UX 11i <limits.h> declares gettimeofday.  */
| #define lseek64 innocuous_lseek64
| 
| /* System header to define __stub macros and hopefully few prototypes,
|     which can conflict with char lseek64 (); below.
|     Prefer <limits.h> to <assert.h> if __STDC__ is defined, since
|     <limits.h> exists even on freestanding compilers.  */
| 
| #ifdef __STDC__
| # include <limits.h>
| #else
| # include <assert.h>
| #endif
| 
| #undef lseek64
| 
| /* Override any GCC internal prototype to avoid an error.
|    Use char because int might match the return type of a GCC
|    builtin and then its argument prototype would still apply.  */
| #ifdef __cplusplus
| extern "C"
| #endif
| char lseek64 ();
| /* The GNU C library defines this for functions which it implements
|     to always fail with ENOSYS.  Some functions are actually named
|     something starting with __ and the normal name is an alias.  */
| #if defined __stub_lseek64 || defined __stub___lseek64
| choke me
| #endif
| 
| int
| main ()
| {
| return lseek64 ();
|   ;
|   return 0;
| }
configure:10551: result: no
configure:10561: checking for off64_t
configure:10589: gcc -pipe -c   conftest.c >&5
conftest.c: In function `main':
conftest.c:27: error: syntax error before "offset"
configure:10595: $? = 1
configure: failed program was:
| /* confdefs.h.  */
| #define PACKAGE_NAME "ceptcl"
| #define PACKAGE_TARNAME "ceptcl"
| #define PACKAGE_VERSION "0.4"
| #define PACKAGE_STRING "ceptcl 0.4"
| #define PACKAGE_BUGREPORT ""
| #define STDC_HEADERS 1
| #define HAVE_SYS_TYPES_H 1
| #define HAVE_SYS_STAT_H 1
| #define HAVE_STDLIB_H 1
| #define HAVE_STRING_H 1
| #define HAVE_MEMORY_H 1
| #define HAVE_STRINGS_H 1
| #define HAVE_INTTYPES_H 1
| #define HAVE_STDINT_H 1
| #define HAVE_UNISTD_H 1
| #define NO_VALUES_H 1
| #define HAVE_LIMITS_H 1
| #define HAVE_SYS_PARAM_H 1
| #define HAVE_GETPEEREID 1
| #define TCL_WIDE_INT_TYPE long long
| /* end confdefs.h.  */
| #include <sys/types.h>
| int
| main ()
| {
| off64_t offset;
| 
|   ;
|   return 0;
| }
configure:10639: result: no
configure:10652: checking for build with symbols
configure:10671: result: yes (standard debugging)
configure:10804: checking for tclsh
configure:10831: result: /tclsh8.4g
configure:10975: creating ./config.status

## ---------------------- ##
## Running config.status. ##
## ---------------------- ##

This file was extended by ceptcl config.status 0.4, which was
generated by GNU Autoconf 2.60.  Invocation command line was

  CONFIG_FILES    = 
  CONFIG_HEADERS  = 
  CONFIG_LINKS    = 
  CONFIG_COMMANDS = 
  $ ./config.status 

on eve.fivetones.net

config.status:622: creating Makefile
config.status:622: creating pkgIndex.tcl

## ---------------- ##
## Cache variables. ##
## ---------------- ##

ac_cv_c_bigendian=no
ac_cv_c_compiler_gnu=yes
ac_cv_c_tclconfig=/home/stu/tcl/q/z/usr/local/lib
ac_cv_c_tclh=/home/stu/tcl/q/z/usr/local/include
ac_cv_env_CC_set=
ac_cv_env_CC_value=
ac_cv_env_CFLAGS_set=
ac_cv_env_CFLAGS_value=
ac_cv_env_CPPFLAGS_set=
ac_cv_env_CPPFLAGS_value=
ac_cv_env_CPP_set=
ac_cv_env_CPP_value=
ac_cv_env_LDFLAGS_set=
ac_cv_env_LDFLAGS_value=
ac_cv_env_build_alias_set=
ac_cv_env_build_alias_value=
ac_cv_env_host_alias_set=
ac_cv_env_host_alias_value=
ac_cv_env_target_alias_set=
ac_cv_env_target_alias_value=
ac_cv_func_connect=yes
ac_cv_func_gethostbyname=yes
ac_cv_func_getpeereid=yes
ac_cv_func_lseek64=no
ac_cv_func_open64=no
ac_cv_func_sin=no
ac_cv_header_dlfcn_h=yes
ac_cv_header_errno_h=yes
ac_cv_header_float_h=yes
ac_cv_header_inttypes_h=yes
ac_cv_header_limits_h=yes
ac_cv_header_memory_h=yes
ac_cv_header_net_errno_h=no
ac_cv_header_stdc=yes
ac_cv_header_stdint_h=yes
ac_cv_header_stdlib_h=yes
ac_cv_header_string_h=yes
ac_cv_header_strings_h=yes
ac_cv_header_sys_param_h=yes
ac_cv_header_sys_stat_h=yes
ac_cv_header_sys_types_h=yes
ac_cv_header_sys_wait_h=yes
ac_cv_header_unistd_h=yes
ac_cv_header_values_h=no
ac_cv_lib_dl_dlopen=no
ac_cv_lib_ieee_main=no
ac_cv_lib_inet_main=no
ac_cv_objext=o
ac_cv_path_EGREP='/usr/bin/grep -E'
ac_cv_path_GREP=/usr/bin/grep
ac_cv_path_install='/usr/bin/install -c'
ac_cv_prog_AR=ar
ac_cv_prog_CPP='gcc -E'
ac_cv_prog_ac_ct_CC=gcc
ac_cv_prog_ac_ct_RANLIB=ranlib
ac_cv_prog_cc_c89=
ac_cv_prog_cc_g=yes
ac_cv_prog_make_make_set=yes
tcl_cv_dirent_h=yes
tcl_cv_flag__isoc99_source=no
tcl_cv_flag__largefile64_source=no
tcl_cv_flag__largefile_source64=no
tcl_cv_ld_elf=yes
tcl_cv_struct_dirent64=no
tcl_cv_struct_stat64=no
tcl_cv_sys_version=OpenBSD-4.1
tcl_cv_type_64bit='long long'
tcl_cv_type_off64_t=no

## ----------------- ##
## Output variables. ##
## ----------------- ##

AR='ar'
CC='gcc -pipe'
CELIB_DIR=''
CFLAGS=' ${CFLAGS_DEFAULT} ${CFLAGS_WARNING} ${SHLIB_CFLAGS}'
CFLAGS_DEBUG='-g'
CFLAGS_DEFAULT='-g'
CFLAGS_OPTIMIZE='-O2'
CFLAGS_WARNING='-Wall -Wno-implicit-int'
CLEANFILES='pkgIndex.tcl'
COMPAT_SOURCES=''
CPP='gcc -E'
CPPFLAGS=''
CYGPATH='echo'
DEFS='-DPACKAGE_NAME=\"ceptcl\" -DPACKAGE_TARNAME=\"ceptcl\" -DPACKAGE_VERSION=\"0.4\" -DPACKAGE_STRING=\"ceptcl\ 0.4\" -DPACKAGE_BUGREPORT=\"\" -DSTDC_HEADERS=1 -DHAVE_SYS_TYPES_H=1 -DHAVE_SYS_STAT_H=1 -DHAVE_STDLIB_H=1 -DHAVE_STRING_H=1 -DHAVE_MEMORY_H=1 -DHAVE_STRINGS_H=1 -DHAVE_INTTYPES_H=1 -DHAVE_STDINT_H=1 -DHAVE_UNISTD_H=1 -DNO_VALUES_H=1 -DHAVE_LIMITS_H=1 -DHAVE_SYS_PARAM_H=1 -DHAVE_GETPEEREID=1 -DTCL_WIDE_INT_TYPE=long\ long -DUSE_TCL_STUBS=1'
DL_LIBS=''
ECHO_C=''
ECHO_N='-n'
ECHO_T=''
EGREP='/usr/bin/grep -E'
EXEEXT=''
GREP='/usr/bin/grep'
INSTALL_DATA='${INSTALL} -m 644'
INSTALL_PROGRAM='${INSTALL}'
INSTALL_SCRIPT='${INSTALL}'
LDFLAGS='-Wl,-export-dynamic '
LDFLAGS_DEFAULT='-Wl,-export-dynamic '
LD_LIBRARY_PATH_VAR='LD_LIBRARY_PATH'
LIBOBJS=''
LIBS=''
LTLIBOBJS=''
MAKE_LIB='${SHLIB_LD} -o $@ $(PKG_OBJECTS) ${SHLIB_LD_LIBS} '
MAKE_SHARED_LIB='${SHLIB_LD} -o $@ $(PKG_OBJECTS) ${SHLIB_LD_LIBS}'
MAKE_STATIC_LIB='${STLIB_LD} $@ $(PKG_OBJECTS)'
MAKE_STUB_LIB='${STLIB_LD} $@ $(PKG_STUB_OBJECTS)'
MATH_LIBS='-lm'
OBJEXT='o'
PACKAGE_BUGREPORT=''
PACKAGE_NAME='ceptcl'
PACKAGE_STRING='ceptcl 0.4'
PACKAGE_TARNAME='ceptcl'
PACKAGE_VERSION='0.4'
PATH_SEPARATOR=':'
PKG_CFLAGS=' '
PKG_HEADERS=''
PKG_INCLUDES=' -I"../generic"'
PKG_LIBS=''
PKG_LIB_FILE='libceptcl04.so.1.0'
PKG_OBJECTS=' ceptcl.o ceptclUnix.o'
PKG_SOURCES=' ceptcl.c unix/ceptclUnix.c'
PKG_STUB_LIB_FILE='libceptclstub04.a'
PKG_STUB_OBJECTS=''
PKG_STUB_SOURCES=''
PKG_TCL_SOURCES=''
RANLIB=':'
RANLIB_STUB='ranlib'
SET_MAKE=''
SHARED_BUILD='1'
SHELL='/bin/sh'
SHLIB_CFLAGS='-fPIC'
SHLIB_LD='gcc -pipe -shared -fpic'
SHLIB_LD_LIBS='${LIBS} -L/usr/local/lib -ltclstub84g'
STLIB_LD='${AR} cr'
TCLSH_PROG='/tclsh8.4g'
TCL_BIN_DIR='/home/stu/tcl/q/z/usr/local/lib'
TCL_DBGX='g'
TCL_DEFS=' -DNO_VALUES_H=1 -DHAVE_LIMITS_H=1 -DHAVE_UNISTD_H=1 -DHAVE_SYS_PARAM_H=1 -DTCL_WIDE_INT_TYPE=long\ long -DHAVE_GETCWD=1 -DHAVE_OPENDIR=1 -DHAVE_STRSTR=1 -DHAVE_STRTOL=1 -DHAVE_STRTOLL=1 -DHAVE_STRTOULL=1 -DHAVE_TMPNAM=1 -DHAVE_WAITPID=1 -DUSE_TERMIOS=1 -DHAVE_SYS_TIME_H=1 -DTIME_WITH_SYS_TIME=1 -DHAVE_TM_ZONE=1 -DHAVE_GMTIME_R=1 -DHAVE_LOCALTIME_R=1 -DHAVE_TM_GMTOFF=1 -DHAVE_ST_BLKSIZE=1 -DSTDC_HEADERS=1 -DHAVE_SIGNED_CHAR=1 -DHAVE_PUTENV_THAT_COPIES=1 -DHAVE_LANGINFO=1 -DHAVE_FTS=1 -DHAVE_SYS_IOCTL_H=1 -DHAVE_SYS_FILIO_H=1 '
TCL_EXTRA_CFLAGS=' -pipe '
TCL_INCLUDES='-I"/home/stu/tcl/q/z/usr/local/include"'
TCL_LD_FLAGS='-Wl,-export-dynamic'
TCL_LIBS='${DL_LIBS} ${LIBS} ${MATH_LIBS}'
TCL_LIB_FILE='libtcl84g.so.1.0'
TCL_LIB_FLAG='-ltcl84g'
TCL_LIB_SPEC='-L/usr/local/lib -ltcl84g'
TCL_SHLIB_LD_LIBS='${LIBS}'
TCL_SRC_DIR='/home/stu/tcl/q/tcl8.4.16'
TCL_STUB_LIB_FILE='libtclstub84g.a'
TCL_STUB_LIB_FLAG='-ltclstub84g'
TCL_STUB_LIB_SPEC='-L/usr/local/lib -ltclstub84g'
TCL_VERSION='8.4'
ac_ct_CC='gcc'
bindir='${exec_prefix}/bin'
build_alias=''
datadir='${datarootdir}'
datarootdir='${prefix}/share'
docdir='${datarootdir}/doc/${PACKAGE_TARNAME}'
dvidir='${docdir}'
exec_prefix='/usr/local'
host_alias=''
htmldir='${docdir}'
includedir='${prefix}/include'
infodir='${datarootdir}/info'
libdir='${exec_prefix}/lib'
libexecdir='${exec_prefix}/libexec'
localedir='${datarootdir}/locale'
localstatedir='${prefix}/var'
mandir='${datarootdir}/man'
oldincludedir='/usr/include'
pdfdir='${docdir}'
prefix='/usr/local'
program_transform_name='s,x,x,'
psdir='${docdir}'
sbindir='${exec_prefix}/sbin'
sharedstatedir='${prefix}/com'
sysconfdir='${prefix}/etc'
target_alias=''

## ----------- ##
## confdefs.h. ##
## ----------- ##

#define PACKAGE_NAME "ceptcl"
#define PACKAGE_TARNAME "ceptcl"
#define PACKAGE_VERSION "0.4"
#define PACKAGE_STRING "ceptcl 0.4"
#define PACKAGE_BUGREPORT ""
#define STDC_HEADERS 1
#define HAVE_SYS_TYPES_H 1
#define HAVE_SYS_STAT_H 1
#define HAVE_STDLIB_H 1
#define HAVE_STRING_H 1
#define HAVE_MEMORY_H 1
#define HAVE_STRINGS_H 1
#define HAVE_INTTYPES_H 1
#define HAVE_STDINT_H 1
#define HAVE_UNISTD_H 1
#define NO_VALUES_H 1
#define HAVE_LIMITS_H 1
#define HAVE_SYS_PARAM_H 1
#define HAVE_GETPEEREID 1
#define TCL_WIDE_INT_TYPE long long
#define USE_TCL_STUBS 1

configure: exit 0
